The model was loaded with use_flash_attention_2=True, which is deprecated and may be removed in a future release. Please use `attn_implementation="flash_attention_2"` instead.
Loading model ...
Loading checkpoint shards:   0%|          | 0/2 [00:00<?, ?it/s]Loading checkpoint shards:  50%|█████     | 1/2 [00:03<00:03,  3.53s/it]Loading checkpoint shards: 100%|██████████| 2/2 [00:04<00:00,  2.17s/it]Loading checkpoint shards: 100%|██████████| 2/2 [00:04<00:00,  2.38s/it]
/rscratch/adityatomar/anaconda3/envs/myenv/lib/python3.11/site-packages/transformers/modeling_utils.py:4779: FutureWarning: `_is_quantized_training_enabled` is going to be deprecated in transformers 4.39.0. Please use `model.hf_quantizer.is_trainable` instead
  warnings.warn(
/rscratch/adityatomar/KVQuant/quant/kvquant/simquant_module_quantizer.py:612: UserWarning: To copy construct from a tensor, it is recommended to use sourceTensor.clone().detach() or sourceTensor.clone().detach().requires_grad_(True), rather than torch.tensor(sourceTensor).
  self.outlier_threshold_upper = torch.tensor(quantizer[0]).cuda().flatten().half()
/rscratch/adityatomar/KVQuant/quant/kvquant/simquant_module_quantizer.py:613: UserWarning: To copy construct from a tensor, it is recommended to use sourceTensor.clone().detach() or sourceTensor.clone().detach().requires_grad_(True), rather than torch.tensor(sourceTensor).
  self.outlier_threshold_lower = torch.tensor(quantizer[1]).cuda().flatten().half()
Done.
Evaluating ...
Batch 0 of 11
Starting from v4.46, the `logits` model output will have the same type as the model (except at train time, where it will always be FP32)
Batch 1 of 11
Batch 2 of 11
Batch 3 of 11
Batch 4 of 11
Batch 5 of 11
Batch 6 of 11
Batch 7 of 11
Batch 8 of 11
Batch 9 of 11
Batch 10 of 11
5.5945539474487305
